<?xml version="1.0" encoding="UTF-8"?>
<!-- Generated by org.testng.reporters.JUnitReportReporter -->
<testsuite hostname="user-K84L" name="com.lazerycode.selenium.tests.GoogleExampleIT" tests="2" failures="0" timestamp="10 Jan 2016 16:53:14 GMT" time="34.774" errors="0">
  <testcase name="googleMilkExample2" time="1.675" classname="com.lazerycode.selenium.tests.GoogleExampleIT"/>
  <testcase name="googleMilkExample" time="33.099" classname="com.lazerycode.selenium.tests.GoogleExampleIT"/>
</testsuite> <!-- com.lazerycode.selenium.tests.GoogleExampleIT -->
