<?xml version="1.0" encoding="UTF-8"?>
<!-- Generated by org.testng.reporters.JUnitReportReporter -->
<testsuite hostname="user-K84L" name="com.lazerycode.selenium.tests.GoogleExampleIT" tests="2" failures="0" timestamp="10 Jan 2016 14:46:08 GMT" time="62.278" errors="0">
  <testcase name="googleMilkExample2" time="1.281" classname="com.lazerycode.selenium.tests.GoogleExampleIT"/>
  <testcase name="googleMilkExample" time="60.997" classname="com.lazerycode.selenium.tests.GoogleExampleIT"/>
</testsuite> <!-- com.lazerycode.selenium.tests.GoogleExampleIT -->
